<?xml version="1.0" encoding="UTF-8"?>
<testng-results ignored="0" total="3" passed="2" failed="1" skipped="0">
  <reporter-output>
  </reporter-output>
  <suite started-at="2024-02-21T01:36:20Z" name="RegressionAutomatedQA" finished-at="2024-02-21T01:36:27Z" duration-ms="6756">
    <groups>
    </groups>
    <test started-at="2024-02-21T01:36:20Z" name="TC01_Login" finished-at="2024-02-21T01:36:27Z" duration-ms="6274">
      <class name="loginTestCases.TC01_Login">
        <test-method is-config="true" signature="startWebDriver()[pri:0, instance:loginTestCases.TC01_Login@3f93e4a8]" started-at="2024-02-20T19:36:20Z" name="startWebDriver" finished-at="2024-02-20T19:36:22Z" duration-ms="1769" status="PASS">
          <reporter-output>
          </reporter-output>
        </test-method> <!-- startWebDriver -->
        <test-method signature="TC01()[pri:0, instance:loginTestCases.TC01_Login@3f93e4a8]" started-at="2024-02-20T19:36:22Z" name="TC01" finished-at="2024-02-20T19:36:23Z" duration-ms="507" status="PASS">
          <reporter-output>
          </reporter-output>
        </test-method> <!-- TC01 -->
        <test-method is-config="true" signature="closeDriver()[pri:0, instance:loginTestCases.TC01_Login@3f93e4a8]" started-at="2024-02-20T19:36:23Z" name="closeDriver" finished-at="2024-02-20T19:36:27Z" duration-ms="3966" status="PASS">
          <reporter-output>
          </reporter-output>
        </test-method> <!-- closeDriver -->
      </class> <!-- loginTestCases.TC01_Login -->
    </test> <!-- TC01_Login -->
    <test started-at="2024-02-21T01:36:20Z" name="TC02_LoginLockedUser" finished-at="2024-02-21T01:36:27Z" duration-ms="6397">
      <class name="loginTestCases.TC02_LoginLockedUser">
        <test-method is-config="true" signature="startWebDriver()[pri:0, instance:loginTestCases.TC02_LoginLockedUser@30e6a763]" started-at="2024-02-20T19:36:20Z" name="startWebDriver" finished-at="2024-02-20T19:36:22Z" duration-ms="1756" status="PASS">
          <reporter-output>
          </reporter-output>
        </test-method> <!-- startWebDriver -->
        <test-method signature="TC02()[pri:0, instance:loginTestCases.TC02_LoginLockedUser@30e6a763]" started-at="2024-02-20T19:36:22Z" name="TC02" finished-at="2024-02-20T19:36:23Z" duration-ms="534" status="FAIL">
          <exception class="java.lang.AssertionError">
            <message>
              <![CDATA[expected [true] but found [false]]]>
            </message>
            <full-stacktrace>
              <![CDATA[java.lang.AssertionError: expected [true] but found [false]
	at org.testng.Assert.fail(Assert.java:94)
	at org.testng.Assert.failNotEquals(Assert.java:513)
	at org.testng.Assert.assertTrue(Assert.java:42)
	at org.testng.Assert.assertTrue(Assert.java:52)
	at loginTestCases.TC02_LoginLockedUser.TC02(TC02_LoginLockedUser.java:31)
	at java.base/jdk.internal.reflect.NativeMethodAccessorImpl.invoke0(Native Method)
	at java.base/jdk.internal.reflect.NativeMethodAccessorImpl.invoke(NativeMethodAccessorImpl.java:77)
	at java.base/jdk.internal.reflect.DelegatingMethodAccessorImpl.invoke(DelegatingMethodAccessorImpl.java:43)
	at java.base/java.lang.reflect.Method.invoke(Method.java:568)
	at org.testng.internal.MethodInvocationHelper.invokeMethod(MethodInvocationHelper.java:104)
	at org.testng.internal.Invoker.invokeMethod(Invoker.java:645)
	at org.testng.internal.Invoker.invokeTestMethod(Invoker.java:851)
	at org.testng.internal.Invoker.invokeTestMethods(Invoker.java:1177)
	at org.testng.internal.TestMethodWorker.invokeTestMethods(TestMethodWorker.java:129)
	at org.testng.internal.TestMethodWorker.run(TestMethodWorker.java:112)
	at org.testng.TestRunner.privateRun(TestRunner.java:756)
	at org.testng.TestRunner.run(TestRunner.java:610)
	at org.testng.SuiteRunner.runTest(SuiteRunner.java:387)
	at org.testng.SuiteRunner.access$000(SuiteRunner.java:39)
	at org.testng.SuiteRunner$SuiteWorker.run(SuiteRunner.java:421)
	at org.testng.internal.thread.ThreadUtil$2.call(ThreadUtil.java:64)
	at java.base/java.util.concurrent.FutureTask.run(FutureTask.java:264)
	at java.base/java.util.concurrent.ThreadPoolExecutor.runWorker(ThreadPoolExecutor.java:1136)
	at java.base/java.util.concurrent.ThreadPoolExecutor$Worker.run(ThreadPoolExecutor.java:635)
	at java.base/java.lang.Thread.run(Thread.java:840)
]]>
            </full-stacktrace>
          </exception> <!-- java.lang.AssertionError -->
          <reporter-output>
          </reporter-output>
        </test-method> <!-- TC02 -->
        <test-method is-config="true" signature="closeDriver()[pri:0, instance:loginTestCases.TC02_LoginLockedUser@30e6a763]" started-at="2024-02-20T19:36:23Z" name="closeDriver" finished-at="2024-02-20T19:36:27Z" duration-ms="4064" status="PASS">
          <reporter-output>
          </reporter-output>
        </test-method> <!-- closeDriver -->
      </class> <!-- loginTestCases.TC02_LoginLockedUser -->
    </test> <!-- TC02_LoginLockedUser -->
    <test started-at="2024-02-21T01:36:20Z" name="TC03_VerifyRemoveButton" finished-at="2024-02-21T01:36:27Z" duration-ms="6756">
      <class name="inventoryTestCases.TC03_VerifyRemoveButton">
        <test-method is-config="true" signature="startWebDriver()[pri:0, instance:inventoryTestCases.TC03_VerifyRemoveButton@149c3204]" started-at="2024-02-20T19:36:20Z" name="startWebDriver" finished-at="2024-02-20T19:36:26Z" duration-ms="5287" status="PASS">
          <reporter-output>
          </reporter-output>
        </test-method> <!-- startWebDriver -->
        <test-method signature="TC03()[pri:0, instance:inventoryTestCases.TC03_VerifyRemoveButton@149c3204]" started-at="2024-02-20T19:36:26Z" name="TC03" finished-at="2024-02-20T19:36:26Z" duration-ms="559" status="PASS">
          <reporter-output>
          </reporter-output>
        </test-method> <!-- TC03 -->
        <test-method is-config="true" signature="closeDriver()[pri:0, instance:inventoryTestCases.TC03_VerifyRemoveButton@149c3204]" started-at="2024-02-20T19:36:26Z" name="closeDriver" finished-at="2024-02-20T19:36:27Z" duration-ms="898" status="PASS">
          <reporter-output>
          </reporter-output>
        </test-method> <!-- closeDriver -->
      </class> <!-- inventoryTestCases.TC03_VerifyRemoveButton -->
    </test> <!-- TC03_VerifyRemoveButton -->
  </suite> <!-- RegressionAutomatedQA -->
</testng-results>
